<?xml version="1.0" encoding="UTF-8"?>
<testsuite name="WebFormTest" tests="2" skipped="0" failures="0" errors="0" timestamp="2022-02-01T05:04:31" hostname="INV000200WIN" time="23.214">
  <properties/>
  <testcase name="WaitTest()" classname="WebFormTest" time="20.851"/>
  <testcase name="FormFillTest()" classname="WebFormTest" time="2.362"/>
  <system-out><![CDATA[]]></system-out>
  <system-err><![CDATA[SLF4J: Failed to load class "org.slf4j.impl.StaticLoggerBinder".
SLF4J: Defaulting to no-operation (NOP) logger implementation
SLF4J: See http://www.slf4j.org/codes.html#StaticLoggerBinder for further details.
Starting ChromeDriver 97.0.4692.71 (adefa7837d02a07a604c1e6eff0b3a09422ab88d-refs/branch-heads/4692@{#1247}) on port 41317
Only local connections are allowed.
Please see https://chromedriver.chromium.org/security-considerations for suggestions on keeping ChromeDriver safe.
ChromeDriver was started successfully.
февр. 01, 2022 9:04:33 AM org.openqa.selenium.remote.ProtocolHandshake createSession
INFO: Detected dialect: W3C
]]></system-err>
</testsuite>
